Arguments: 
  /usr/bin/node /usr/bin/yarn add --dev @babel/core @babel/cli @babel-plugins-macros

PATH: 
  /home/bob/bin:/home/bob/.yarn/bin:/home/bob/bin:/home/bob/.yarn/bin:/usr/local/sbin:/usr/local/bin:/usr/bin:/usr/lib/jvm/default/bin:/usr/bin/site_perl:/usr/bin/vendor_perl:/usr/bin/core_perl

Yarn version: 
  1.22.5

Node version: 
  14.13.0

Platform: 
  linux x64

Trace: 
  Error: https://registry.yarnpkg.com/@babel-plugins-macros: Request "https://registry.yarnpkg.com/@babel-plugins-macros" returned a 405
      at Request.params.callback [as _callback] (/usr/lib/node_modules/yarn/lib/cli.js:66997:18)
      at Request.self.callback (/usr/lib/node_modules/yarn/lib/cli.js:140749:22)
      at Request.emit (events.js:314:20)
      at Request.<anonymous> (/usr/lib/node_modules/yarn/lib/cli.js:141721:10)
      at Request.emit (events.js:314:20)
      at IncomingMessage.<anonymous> (/usr/lib/node_modules/yarn/lib/cli.js:141643:12)
      at Object.onceWrapper (events.js:420:28)
      at IncomingMessage.emit (events.js:326:22)
      at endReadableNT (_stream_readable.js:1252:12)
      at processTicksAndRejections (internal/process/task_queues.js:80:21)

npm manifest: 
  {
    "name": "doc-in-js",
    "version": "1.0.0",
    "main": "index.js",
    "author": "bob <bcoop713@gmail.com>",
    "license": "MIT",
    "private": false
  }

yarn manifest: 
  No manifest

Lockfile: 
  No lockfile
